<?xml version="1.0" encoding="UTF-8"?>
<!-- Generated by org.testng.reporters.JUnitReportReporter -->
<testsuite hostname="DESKTOP-BHVR25O" failures="0" tests="2" name="Test_Pkg_PS.registerAccount" time="17.095" errors="0" timestamp="2023-09-13T18:46:05 IST" skipped="0">
  <testcase classname="Test_Pkg_PS.registerAccount" name="setup" time="3.161"/>
  <system-out/>
  <testcase classname="Test_Pkg_PS.registerAccount" name="verifyLoginCred" time="13.934"/>
  <system-out/>
</testsuite> <!-- Test_Pkg_PS.registerAccount -->
