<?xml version="1.0" encoding="UTF-8"?>
<!-- Generated by org.testng.reporters.JUnitReportReporter -->
<testsuite hostname="DESKTOP-BHVR25O" failures="0" tests="2" name="Test_Pkg_PS.registerAccount" time="28.007" errors="0" timestamp="2023-09-29T13:08:33 IST" skipped="0">
  <testcase classname="Test_Pkg_PS.registerAccount" name="setup" time="11.036"/>
  <system-out/>
  <testcase classname="Test_Pkg_PS.registerAccount" name="verifyLoginCred" time="16.971"/>
  <system-out/>
</testsuite> <!-- Test_Pkg_PS.registerAccount -->
