<?xml version="1.0" encoding="UTF-8"?>
<!-- Generated by org.testng.reporters.JUnitReportReporter -->
<testsuite hostname="DESKTOP-BHVR25O" failures="0" tests="1" name="Test_Pkg_PS.siteOpen" time="7.019" errors="0" timestamp="2023-09-13T11:28:02 IST" skipped="0">
  <testcase classname="Test_Pkg_PS.siteOpen" name="setup" time="7.019"/>
  <system-out/>
</testsuite> <!-- Test_Pkg_PS.siteOpen -->
