<?xml version="1.0" encoding="UTF-8"?>
<!-- Generated by org.testng.reporters.JUnitReportReporter -->
<testsuite hostname="DESKTOP-BHVR25O" failures="0" tests="1" name="Test_Pkg_PS.registerAccount$siteOpen" time="4.216" errors="0" timestamp="2023-09-13T18:29:19 IST" skipped="0">
  <testcase classname="Test_Pkg_PS.registerAccount$siteOpen" name="setup" time="4.216"/>
  <system-out/>
</testsuite> <!-- Test_Pkg_PS.registerAccount$siteOpen -->
